2022-08-23 03:58:31,555 INFO Homework31Test [Test worker] Начало теста 1
2022-08-23 03:58:44,577 INFO Homework31Test [Test worker] Закрытие драйвера
2022-08-23 04:01:03,383 INFO Homework31Test [Test worker] Создание драйвера
2022-08-23 04:01:09,478 INFO Homework31Test [Test worker] Начало теста 1
2022-08-23 04:01:09,479 INFO p.LoginPage [Test worker] Авторизация на сайте
2022-08-23 04:01:16,104 INFO Homework31Test [Test worker] Закрытие драйвера
2022-08-23 04:15:27,284 INFO Homework31Test [Test worker] Создание драйвера
2022-08-23 04:15:33,013 INFO Homework31Test [Test worker] Начало теста 1
2022-08-23 04:15:33,013 INFO p.LoginPage [Test worker] Авторизация на сайте
2022-08-23 04:15:48,730 INFO Homework31Test [Test worker] Закрытие драйвера
2022-08-23 04:18:56,055 INFO Homework31Test [Test worker] Создание драйвера
2022-08-23 04:18:59,928 INFO Homework31Test [Test worker] Начало теста 1
2022-08-23 04:18:59,928 INFO p.LoginPage [Test worker] Авторизация на сайте
2022-08-23 04:19:22,543 INFO Homework31Test [Test worker] Закрытие драйвера
2022-08-23 04:19:31,952 INFO Homework31Test [Test worker] Создание драйвера
2022-08-23 04:19:37,739 INFO Homework31Test [Test worker] Начало теста 1
2022-08-23 04:19:37,740 INFO p.LoginPage [Test worker] Авторизация на сайте
2022-08-23 04:19:44,668 INFO Homework31Test [Test worker] Закрытие драйвера
2022-08-23 04:20:05,863 INFO Homework31Test [Test worker] Создание драйвера
2022-08-23 04:20:11,157 INFO Homework31Test [Test worker] Начало теста 1
2022-08-23 04:20:11,158 INFO p.LoginPage [Test worker] Авторизация на сайте
2022-08-23 04:20:38,429 INFO Homework31Test [Test worker] Закрытие драйвера
2022-08-23 04:21:41,003 INFO Homework31Test [Test worker] Создание драйвера
2022-08-23 04:21:45,341 INFO Homework31Test [Test worker] Начало теста 1
2022-08-23 04:21:45,342 INFO p.LoginPage [Test worker] Авторизация на сайте
2022-08-23 04:21:51,368 INFO Homework31Test [Test worker] Закрытие драйвера
2022-08-23 04:23:35,495 INFO Homework31Test [Test worker] Создание драйвера
2022-08-23 04:23:39,767 INFO Homework31Test [Test worker] Начало теста 1
2022-08-23 04:23:39,767 INFO p.LoginPage [Test worker] Авторизация на сайте
2022-08-23 04:23:49,083 INFO Homework31Test [Test worker] Закрытие драйвера
2022-08-23 04:24:11,835 INFO Homework31Test [Test worker] Создание драйвера
2022-08-23 04:24:16,754 INFO Homework31Test [Test worker] Начало теста 1
2022-08-23 04:24:16,755 INFO p.LoginPage [Test worker] Авторизация на сайте
2022-08-23 04:24:26,939 INFO Homework31Test [Test worker] Закрытие драйвера
2022-08-23 04:28:03,930 INFO Homework31Test [Test worker] Создание драйвера
2022-08-23 04:28:08,527 INFO Homework31Test [Test worker] Начало теста 1
2022-08-23 04:28:08,528 INFO p.LoginPage [Test worker] Авторизация на сайте
2022-08-23 04:28:16,344 INFO Homework31Test [Test worker] Закрытие драйвера
2022-08-23 04:28:23,885 INFO Homework31Test [Test worker] Создание драйвера
2022-08-23 04:28:28,544 INFO Homework31Test [Test worker] Начало теста 1
2022-08-23 04:28:28,544 INFO p.LoginPage [Test worker] Авторизация на сайте
2022-08-23 04:28:48,674 INFO Homework31Test [Test worker] Закрытие драйвера
2022-08-23 04:29:07,213 INFO Homework31Test [Test worker] Создание драйвера
2022-08-23 04:29:13,052 INFO Homework31Test [Test worker] Начало теста 1
2022-08-23 04:29:13,052 INFO p.LoginPage [Test worker] Авторизация на сайте
2022-08-23 04:29:24,577 INFO Homework31Test [Test worker] Закрытие драйвера
2022-08-23 05:07:25,793 INFO Homework31Test [Test worker] Создание драйвера
2022-08-23 05:07:42,221 INFO Homework31Test [Test worker] Начало теста 1
2022-08-23 05:07:42,221 INFO p.LoginPage [Test worker] Авторизация на сайте
2022-08-23 05:07:58,507 INFO Homework31Test [Test worker] Закрытие драйвера
2022-08-23 15:49:44,380 INFO Homework31Test [Test worker] Создание драйвера
2022-08-23 15:49:52,274 INFO Homework31Test [Test worker] Начало теста 1
2022-08-23 15:49:52,275 INFO p.LoginPage [Test worker] Авторизация на сайте
2022-08-23 15:50:13,468 INFO Homework31Test [Test worker] Закрытие драйвера
2022-08-23 16:24:14,746 INFO Homework31Test [Test worker] Создание драйвера
2022-08-23 16:24:20,965 INFO Homework31Test [Test worker] Начало теста 1
2022-08-23 16:24:20,965 INFO p.LoginPage [Test worker] Авторизация на сайте
2022-08-23 16:25:43,697 INFO Homework31Test [Test worker] Создание драйвера
2022-08-23 16:25:49,415 INFO Homework31Test [Test worker] Начало теста 1
2022-08-23 16:25:49,416 INFO p.LoginPage [Test worker] Авторизация на сайте
2022-08-23 16:27:38,216 INFO Homework31Test [Test worker] Создание драйвера
2022-08-23 16:27:44,309 INFO Homework31Test [Test worker] Начало теста 1
2022-08-23 16:27:44,309 INFO p.LoginPage [Test worker] Авторизация на сайте
2022-08-23 16:28:12,681 INFO Homework31Test [Test worker] Закрытие драйвера
2022-08-23 16:30:19,645 INFO Homework31Test [Test worker] Создание драйвера
2022-08-23 16:30:24,753 INFO Homework31Test [Test worker] Начало теста 1
2022-08-23 16:30:24,753 INFO p.LoginPage [Test worker] Авторизация на сайте
2022-08-23 16:30:53,348 INFO Homework31Test [Test worker] Закрытие драйвера
2022-08-23 16:31:33,603 INFO Homework31Test [Test worker] Создание драйвера
2022-08-23 16:31:38,049 INFO Homework31Test [Test worker] Начало теста 1
2022-08-23 16:31:38,050 INFO p.LoginPage [Test worker] Авторизация на сайте
2022-08-23 16:31:46,628 INFO Homework31Test [Test worker] Закрытие драйвера
2022-08-23 16:32:17,163 INFO Homework31Test [Test worker] Создание драйвера
2022-08-23 16:32:22,468 INFO Homework31Test [Test worker] Начало теста 1
2022-08-23 16:32:22,469 INFO p.LoginPage [Test worker] Авторизация на сайте
2022-08-23 16:32:43,979 INFO Homework31Test [Test worker] Закрытие драйвера
2022-08-23 17:41:14,822 INFO Homework31Test [Test worker] Создание драйвера
2022-08-23 17:41:21,814 INFO Homework31Test [Test worker] Начало теста 1
2022-08-23 17:41:21,814 INFO p.LoginPage [Test worker] Авторизация на сайте
2022-08-23 17:41:55,803 INFO Homework31Test [Test worker] Закрытие драйвера
2022-08-23 18:00:50,913 INFO Homework31Test [Test worker] Создание драйвера
2022-08-23 18:00:56,404 INFO Homework31Test [Test worker] Начало теста 2
2022-08-23 18:00:56,405 INFO p.LoginPage [Test worker] Авторизация на сайте
2022-08-23 18:01:19,128 INFO Homework31Test [Test worker] Конец теста 2
2022-08-23 18:01:19,131 INFO Homework31Test [Test worker] Закрытие драйвера
2022-08-23 18:03:56,730 INFO Homework31Test [Test worker] Создание драйвера
2022-08-23 18:04:02,131 INFO Homework31Test [Test worker] Начало теста 1
2022-08-23 18:04:02,132 INFO p.LoginPage [Test worker] Авторизация на сайте
2022-08-23 18:04:38,036 INFO Homework31Test [Test worker] Конец теста 1
2022-08-23 18:04:38,039 INFO Homework31Test [Test worker] Закрытие драйвера
2022-08-23 18:04:39,319 INFO Homework31Test [Test worker] Создание драйвера
2022-08-23 18:04:43,396 INFO Homework31Test [Test worker] Начало теста 2
2022-08-23 18:04:43,396 INFO p.LoginPage [Test worker] Авторизация на сайте
2022-08-23 18:05:05,831 INFO Homework31Test [Test worker] Конец теста 2
2022-08-23 18:05:05,831 INFO Homework31Test [Test worker] Закрытие драйвера
